<?xml version="1.0" encoding="UTF-8"?>
<testsuite xmlns:xsi="http://www.w3.org/2001/XMLSchema-instance" xsi:noNamespaceSchemaLocation="https://maven.apache.org/surefire/maven-surefire-plugin/xsd/surefire-test-report-3.0.xsd" version="3.0" name="TestSuite" time="33.128" tests="38" errors="0" skipped="0" failures="11">
  <properties>
    <property name="sun.desktop" value="windows"/>
    <property name="awt.toolkit" value="sun.awt.windows.WToolkit"/>
    <property name="file.encoding.pkg" value="sun.io"/>
    <property name="java.specification.version" value="1.8"/>
    <property name="sun.cpu.isalist" value="amd64"/>
    <property name="sun.jnu.encoding" value="Cp1252"/>
    <property name="java.class.path" value="D:\Automation\RestAssuredAPITesting_Employee_Project\target\test-classes;D:\Automation\RestAssuredAPITesting_Employee_Project\target\classes;C:\Users\cchoudhari\.m2\repository\io\rest-assured\rest-assured\3.3.0\rest-assured-3.3.0.jar;C:\Users\cchoudhari\.m2\repository\org\codehaus\groovy\groovy\2.4.15\groovy-2.4.15.jar;C:\Users\cchoudhari\.m2\repository\org\codehaus\groovy\groovy-xml\2.4.15\groovy-xml-2.4.15.jar;C:\Users\cchoudhari\.m2\repository\org\apache\httpcomponents\httpclient\4.5.3\httpclient-4.5.3.jar;C:\Users\cchoudhari\.m2\repository\org\apache\httpcomponents\httpcore\4.4.6\httpcore-4.4.6.jar;C:\Users\cchoudhari\.m2\repository\commons-logging\commons-logging\1.2\commons-logging-1.2.jar;C:\Users\cchoudhari\.m2\repository\org\apache\httpcomponents\httpmime\4.5.3\httpmime-4.5.3.jar;C:\Users\cchoudhari\.m2\repository\org\hamcrest\hamcrest-core\1.3\hamcrest-core-1.3.jar;C:\Users\cchoudhari\.m2\repository\org\hamcrest\hamcrest-library\1.3\hamcrest-library-1.3.jar;C:\Users\cchoudhari\.m2\repository\org\ccil\cowan\tagsoup\tagsoup\1.2.1\tagsoup-1.2.1.jar;C:\Users\cchoudhari\.m2\repository\io\rest-assured\json-path\3.3.0\json-path-3.3.0.jar;C:\Users\cchoudhari\.m2\repository\org\codehaus\groovy\groovy-json\2.4.15\groovy-json-2.4.15.jar;C:\Users\cchoudhari\.m2\repository\io\rest-assured\rest-assured-common\3.3.0\rest-assured-common-3.3.0.jar;C:\Users\cchoudhari\.m2\repository\io\rest-assured\xml-path\3.3.0\xml-path-3.3.0.jar;C:\Users\cchoudhari\.m2\repository\org\apache\commons\commons-lang3\3.4\commons-lang3-3.4.jar;C:\Users\cchoudhari\.m2\repository\javax\xml\bind\jaxb-api\2.2.12\jaxb-api-2.2.12.jar;C:\Users\cchoudhari\.m2\repository\com\sun\xml\bind\jaxb-osgi\2.2.10\jaxb-osgi-2.2.10.jar;C:\Users\cchoudhari\.m2\repository\org\apache\sling\org.apache.sling.javax.activation\0.1.0\org.apache.sling.javax.activation-0.1.0.jar;C:\Users\cchoudhari\.m2\repository\javax\activation\activation\1.1.1\activation-1.1.1.jar;C:\Users\cchoudhari\.m2\repository\org\testng\testng\6.14.3\testng-6.14.3.jar;C:\Users\cchoudhari\.m2\repository\com\beust\jcommander\1.72\jcommander-1.72.jar;C:\Users\cchoudhari\.m2\repository\org\apache-extras\beanshell\bsh\2.0b6\bsh-2.0b6.jar;C:\Users\cchoudhari\.m2\repository\com\googlecode\json-simple\json-simple\1.1.1\json-simple-1.1.1.jar;C:\Users\cchoudhari\.m2\repository\junit\junit\4.10\junit-4.10.jar;C:\Users\cchoudhari\.m2\repository\org\apache\poi\poi\4.1.0\poi-4.1.0.jar;C:\Users\cchoudhari\.m2\repository\commons-codec\commons-codec\1.12\commons-codec-1.12.jar;C:\Users\cchoudhari\.m2\repository\org\apache\commons\commons-collections4\4.3\commons-collections4-4.3.jar;C:\Users\cchoudhari\.m2\repository\org\apache\commons\commons-math3\3.6.1\commons-math3-3.6.1.jar;C:\Users\cchoudhari\.m2\repository\org\apache\poi\poi-ooxml\4.1.0\poi-ooxml-4.1.0.jar;C:\Users\cchoudhari\.m2\repository\org\apache\poi\poi-ooxml-schemas\4.1.0\poi-ooxml-schemas-4.1.0.jar;C:\Users\cchoudhari\.m2\repository\org\apache\xmlbeans\xmlbeans\3.1.0\xmlbeans-3.1.0.jar;C:\Users\cchoudhari\.m2\repository\org\apache\commons\commons-compress\1.18\commons-compress-1.18.jar;C:\Users\cchoudhari\.m2\repository\com\github\virtuald\curvesapi\1.06\curvesapi-1.06.jar;C:\Users\cchoudhari\.m2\repository\com\aventstack\extentreports\3.1.5\extentreports-3.1.5.jar;C:\Users\cchoudhari\.m2\repository\org\freemarker\freemarker\2.3.23\freemarker-2.3.23.jar;C:\Users\cchoudhari\.m2\repository\org\mongodb\mongodb-driver\3.3.0\mongodb-driver-3.3.0.jar;C:\Users\cchoudhari\.m2\repository\org\mongodb\bson\3.3.0\bson-3.3.0.jar;C:\Users\cchoudhari\.m2\repository\org\mongodb\mongodb-driver-core\3.3.0\mongodb-driver-core-3.3.0.jar;C:\Users\cchoudhari\.m2\repository\org\jsoup\jsoup\1.9.2\jsoup-1.9.2.jar;C:\Users\cchoudhari\.m2\repository\com\google\code\gson\gson\2.8.0\gson-2.8.0.jar;C:\Users\cchoudhari\.m2\repository\log4j\log4j\1.2.17\log4j-1.2.17.jar;"/>
    <property name="java.vm.vendor" value="Oracle Corporation"/>
    <property name="sun.arch.data.model" value="64"/>
    <property name="user.variant" value=""/>
    <property name="java.vendor.url" value="http://java.oracle.com/"/>
    <property name="user.timezone" value="Asia/Calcutta"/>
    <property name="java.vm.specification.version" value="1.8"/>
    <property name="os.name" value="Windows 10"/>
    <property name="user.country" value="US"/>
    <property name="sun.java.launcher" value="SUN_STANDARD"/>
    <property name="sun.boot.library.path" value="C:\Program Files\Java\jdk1.8.0_221\jre\bin"/>
    <property name="sun.java.command" value="C:\Users\cchoudhari\AppData\Local\Temp\surefire1475760949597072354\surefirebooter8271816057117852817.jar C:\Users\cchoudhari\AppData\Local\Temp\surefire1475760949597072354 2020-06-29T18-49-08_003-jvmRun1 surefire1080306738720995839tmp surefire_08236901275911370250tmp"/>
    <property name="surefire.test.class.path" value="D:\Automation\RestAssuredAPITesting_Employee_Project\target\test-classes;D:\Automation\RestAssuredAPITesting_Employee_Project\target\classes;C:\Users\cchoudhari\.m2\repository\io\rest-assured\rest-assured\3.3.0\rest-assured-3.3.0.jar;C:\Users\cchoudhari\.m2\repository\org\codehaus\groovy\groovy\2.4.15\groovy-2.4.15.jar;C:\Users\cchoudhari\.m2\repository\org\codehaus\groovy\groovy-xml\2.4.15\groovy-xml-2.4.15.jar;C:\Users\cchoudhari\.m2\repository\org\apache\httpcomponents\httpclient\4.5.3\httpclient-4.5.3.jar;C:\Users\cchoudhari\.m2\repository\org\apache\httpcomponents\httpcore\4.4.6\httpcore-4.4.6.jar;C:\Users\cchoudhari\.m2\repository\commons-logging\commons-logging\1.2\commons-logging-1.2.jar;C:\Users\cchoudhari\.m2\repository\org\apache\httpcomponents\httpmime\4.5.3\httpmime-4.5.3.jar;C:\Users\cchoudhari\.m2\repository\org\hamcrest\hamcrest-core\1.3\hamcrest-core-1.3.jar;C:\Users\cchoudhari\.m2\repository\org\hamcrest\hamcrest-library\1.3\hamcrest-library-1.3.jar;C:\Users\cchoudhari\.m2\repository\org\ccil\cowan\tagsoup\tagsoup\1.2.1\tagsoup-1.2.1.jar;C:\Users\cchoudhari\.m2\repository\io\rest-assured\json-path\3.3.0\json-path-3.3.0.jar;C:\Users\cchoudhari\.m2\repository\org\codehaus\groovy\groovy-json\2.4.15\groovy-json-2.4.15.jar;C:\Users\cchoudhari\.m2\repository\io\rest-assured\rest-assured-common\3.3.0\rest-assured-common-3.3.0.jar;C:\Users\cchoudhari\.m2\repository\io\rest-assured\xml-path\3.3.0\xml-path-3.3.0.jar;C:\Users\cchoudhari\.m2\repository\org\apache\commons\commons-lang3\3.4\commons-lang3-3.4.jar;C:\Users\cchoudhari\.m2\repository\javax\xml\bind\jaxb-api\2.2.12\jaxb-api-2.2.12.jar;C:\Users\cchoudhari\.m2\repository\com\sun\xml\bind\jaxb-osgi\2.2.10\jaxb-osgi-2.2.10.jar;C:\Users\cchoudhari\.m2\repository\org\apache\sling\org.apache.sling.javax.activation\0.1.0\org.apache.sling.javax.activation-0.1.0.jar;C:\Users\cchoudhari\.m2\repository\javax\activation\activation\1.1.1\activation-1.1.1.jar;C:\Users\cchoudhari\.m2\repository\org\testng\testng\6.14.3\testng-6.14.3.jar;C:\Users\cchoudhari\.m2\repository\com\beust\jcommander\1.72\jcommander-1.72.jar;C:\Users\cchoudhari\.m2\repository\org\apache-extras\beanshell\bsh\2.0b6\bsh-2.0b6.jar;C:\Users\cchoudhari\.m2\repository\com\googlecode\json-simple\json-simple\1.1.1\json-simple-1.1.1.jar;C:\Users\cchoudhari\.m2\repository\junit\junit\4.10\junit-4.10.jar;C:\Users\cchoudhari\.m2\repository\org\apache\poi\poi\4.1.0\poi-4.1.0.jar;C:\Users\cchoudhari\.m2\repository\commons-codec\commons-codec\1.12\commons-codec-1.12.jar;C:\Users\cchoudhari\.m2\repository\org\apache\commons\commons-collections4\4.3\commons-collections4-4.3.jar;C:\Users\cchoudhari\.m2\repository\org\apache\commons\commons-math3\3.6.1\commons-math3-3.6.1.jar;C:\Users\cchoudhari\.m2\repository\org\apache\poi\poi-ooxml\4.1.0\poi-ooxml-4.1.0.jar;C:\Users\cchoudhari\.m2\repository\org\apache\poi\poi-ooxml-schemas\4.1.0\poi-ooxml-schemas-4.1.0.jar;C:\Users\cchoudhari\.m2\repository\org\apache\xmlbeans\xmlbeans\3.1.0\xmlbeans-3.1.0.jar;C:\Users\cchoudhari\.m2\repository\org\apache\commons\commons-compress\1.18\commons-compress-1.18.jar;C:\Users\cchoudhari\.m2\repository\com\github\virtuald\curvesapi\1.06\curvesapi-1.06.jar;C:\Users\cchoudhari\.m2\repository\com\aventstack\extentreports\3.1.5\extentreports-3.1.5.jar;C:\Users\cchoudhari\.m2\repository\org\freemarker\freemarker\2.3.23\freemarker-2.3.23.jar;C:\Users\cchoudhari\.m2\repository\org\mongodb\mongodb-driver\3.3.0\mongodb-driver-3.3.0.jar;C:\Users\cchoudhari\.m2\repository\org\mongodb\bson\3.3.0\bson-3.3.0.jar;C:\Users\cchoudhari\.m2\repository\org\mongodb\mongodb-driver-core\3.3.0\mongodb-driver-core-3.3.0.jar;C:\Users\cchoudhari\.m2\repository\org\jsoup\jsoup\1.9.2\jsoup-1.9.2.jar;C:\Users\cchoudhari\.m2\repository\com\google\code\gson\gson\2.8.0\gson-2.8.0.jar;C:\Users\cchoudhari\.m2\repository\log4j\log4j\1.2.17\log4j-1.2.17.jar;"/>
    <property name="sun.cpu.endian" value="little"/>
    <property name="user.home" value="C:\Users\cchoudhari"/>
    <property name="user.language" value="en"/>
    <property name="java.specification.vendor" value="Oracle Corporation"/>
    <property name="java.home" value="C:\Program Files\Java\jdk1.8.0_221\jre"/>
    <property name="basedir" value="D:\Automation\RestAssuredAPITesting_Employee_Project"/>
    <property name="file.separator" value="\"/>
    <property name="line.separator" value="&#10;"/>
    <property name="java.vm.specification.vendor" value="Oracle Corporation"/>
    <property name="java.specification.name" value="Java Platform API Specification"/>
    <property name="java.awt.graphicsenv" value="sun.awt.Win32GraphicsEnvironment"/>
    <property name="surefire.real.class.path" value="C:\Users\cchoudhari\AppData\Local\Temp\surefire1475760949597072354\surefirebooter8271816057117852817.jar"/>
    <property name="sun.boot.class.path" value="C:\Program Files\Java\jdk1.8.0_221\jre\lib\resources.jar;C:\Program Files\Java\jdk1.8.0_221\jre\lib\rt.jar;C:\Program Files\Java\jdk1.8.0_221\jre\lib\sunrsasign.jar;C:\Program Files\Java\jdk1.8.0_221\jre\lib\jsse.jar;C:\Program Files\Java\jdk1.8.0_221\jre\lib\jce.jar;C:\Program Files\Java\jdk1.8.0_221\jre\lib\charsets.jar;C:\Program Files\Java\jdk1.8.0_221\jre\lib\jfr.jar;C:\Program Files\Java\jdk1.8.0_221\jre\classes"/>
    <property name="user.script" value=""/>
    <property name="sun.management.compiler" value="HotSpot 64-Bit Tiered Compilers"/>
    <property name="java.runtime.version" value="1.8.0_221-b11"/>
    <property name="user.name" value="cchoudhari"/>
    <property name="path.separator" value=";"/>
    <property name="os.version" value="10.0"/>
    <property name="java.endorsed.dirs" value="C:\Program Files\Java\jdk1.8.0_221\jre\lib\endorsed"/>
    <property name="java.runtime.name" value="Java(TM) SE Runtime Environment"/>
    <property name="file.encoding" value="Cp1252"/>
    <property name="java.vm.name" value="Java HotSpot(TM) 64-Bit Server VM"/>
    <property name="localRepository" value="C:\Users\cchoudhari\.m2\repository"/>
    <property name="java.vendor.url.bug" value="http://bugreport.sun.com/bugreport/"/>
    <property name="java.io.tmpdir" value="C:\Users\CCHOUD~1\AppData\Local\Temp\"/>
    <property name="java.version" value="1.8.0_221"/>
    <property name="user.dir" value="D:\Automation\RestAssuredAPITesting_Employee_Project"/>
    <property name="os.arch" value="amd64"/>
    <property name="java.vm.specification.name" value="Java Virtual Machine Specification"/>
    <property name="java.awt.printerjob" value="sun.awt.windows.WPrinterJob"/>
    <property name="sun.os.patch.level" value=""/>
    <property name="java.library.path" value="C:\Program Files\Java\jdk1.8.0_221\jre\bin;C:\Windows\Sun\Java\bin;C:\Windows\system32;C:\Windows;C:/Program Files/Java/jre1.8.0_251/bin/server;C:/Program Files/Java/jre1.8.0_251/bin;C:/Program Files/Java/jre1.8.0_251/lib/amd64;C:\Program Files (x86)\Microsoft SDKs\Azure\CLI2\wbin;C:\Program Files (x86)\Common Files\Oracle\Java\javapath;C:\Windows\system32;C:\Windows;C:\Windows\System32\Wbem;C:\Windows\System32\WindowsPowerShell\v1.0\;C:\Windows\System32\OpenSSH\;C:\Program Files\dotnet\;C:\Program Files\Microsoft SQL Server\130\Tools\Binn\;C:\Program Files (x86)\Microsoft SQL Server\Client SDK\ODBC\130\Tools\Binn\;C:\Program Files (x86)\Microsoft SQL Server\140\Tools\Binn\;C:\Program Files (x86)\Microsoft SQL Server\140\DTS\Binn\;C:\Program Files (x86)\Microsoft SQL Server\140\Tools\Binn\ManagementStudio\;C:\apache-maven\apache-maven-3.6.2\bin;C:\Program Files\Microsoft SQL Server\140\Tools\Binn\;C:\Program Files\Microsoft SQL Server\140\DTS\Binn\;C:\Program Files\Microsoft SQL Server\Client SDK\ODBC\130\Tools\Binn\;C:\HashiCorp\Vagrant\bin;C:\Program Files\TortoiseSVN\bin;C:\Program Files\Git\cmd;C:\Program Files\nodejs\;C:\Users\cchoudhari\AppData\Local\Microsoft\WindowsApps;C:\Users\cchoudhari\AppData\Roaming\npm;D:\eclipse;;."/>
    <property name="java.vm.info" value="mixed mode"/>
    <property name="java.vendor" value="Oracle Corporation"/>
    <property name="java.vm.version" value="25.221-b11"/>
    <property name="java.ext.dirs" value="C:\Program Files\Java\jdk1.8.0_221\jre\lib\ext;C:\Windows\Sun\Java\lib\ext"/>
    <property name="sun.io.unicode.encoding" value="UnicodeLittle"/>
    <property name="java.class.version" value="52.0"/>
  </properties>
  <testcase name="ContentEncoding" classname="com.employeeapi.testcases.TC001_GET_All_Employees" time="0.003"/>
  <testcase name="checkContentLength" classname="com.employeeapi.testcases.TC001_GET_All_Employees" time="0.001"/>
  <testcase name="checkContentType" classname="com.employeeapi.testcases.TC001_GET_All_Employees" time="0.008">
    <failure message="expected [text/html; charset=UTF-8] but found [application/json;charset=utf-8]" type="java.lang.AssertionError">java.lang.AssertionError: expected [text/html; charset=UTF-8] but found [application/json;charset=utf-8]
	at com.employeeapi.testcases.TC001_GET_All_Employees.checkContentType(TC001_GET_All_Employees.java:80)
</failure>
    <system-out><![CDATA[2020-06-29 18:49:18 INFO  EmployeesRestAPI:77 - ************** Checking Content Type *****************
2020-06-29 18:49:18 INFO  EmployeesRestAPI:79 - Content Type is ==>application/json;charset=utf-8
]]></system-out>
  </testcase>
  <testcase name="checkCookies" classname="com.employeeapi.testcases.TC001_GET_All_Employees" time="0"/>
  <testcase name="checkResponseBody" classname="com.employeeapi.testcases.TC001_GET_All_Employees" time="0.036"/>
  <testcase name="checkResponseTime" classname="com.employeeapi.testcases.TC001_GET_All_Employees" time="0.001"/>
  <testcase name="checkServerType" classname="com.employeeapi.testcases.TC001_GET_All_Employees" time="0.001"/>
  <testcase name="checkStatusCode" classname="com.employeeapi.testcases.TC001_GET_All_Employees" time="0.001"/>
  <testcase name="checkStatusLine" classname="com.employeeapi.testcases.TC001_GET_All_Employees" time="0.001"/>
  <testcase name="ContentEncoding" classname="com.employeeapi.testcases.TC002_GET_Single_Employee_Record" time="0.001">
    <failure message="expected [gzip] but found [null]" type="java.lang.AssertionError">java.lang.AssertionError: expected [gzip] but found [null]
	at com.employeeapi.testcases.TC002_GET_Single_Employee_Record.ContentEncoding(TC002_GET_Single_Employee_Record.java:87)
</failure>
    <system-out><![CDATA[2020-06-29 18:49:18 INFO  EmployeesRestAPI:127 - ************** Finished TC001_GET_All_Employees *****************
2020-06-29 18:49:18 INFO  EmployeesRestAPI:16 - ************** Started TC002_GET_Single_Employee_Record *****************
2020-06-29 18:49:24 INFO  EmployeesRestAPI:84 - ************** Checking Content Encodng *****************
Content encoding is ==>:null
]]></system-out>
  </testcase>
  <testcase name="checkContentLength" classname="com.employeeapi.testcases.TC002_GET_Single_Employee_Record" time="0"/>
  <testcase name="checkContentType" classname="com.employeeapi.testcases.TC002_GET_Single_Employee_Record" time="0.001">
    <failure message="expected [text/html; charset=UTF-8] but found [application/json;charset=utf-8]" type="java.lang.AssertionError">java.lang.AssertionError: expected [text/html; charset=UTF-8] but found [application/json;charset=utf-8]
	at com.employeeapi.testcases.TC002_GET_Single_Employee_Record.checkContentType(TC002_GET_Single_Employee_Record.java:69)
</failure>
    <system-out><![CDATA[2020-06-29 18:49:24 INFO  EmployeesRestAPI:66 - ************** Checking Content Type *****************
2020-06-29 18:49:24 INFO  EmployeesRestAPI:68 - Content Type is ==>application/json;charset=utf-8
]]></system-out>
  </testcase>
  <testcase name="checkResponseBody" classname="com.employeeapi.testcases.TC002_GET_Single_Employee_Record" time="0.001">
    <failure message="expected [true] but found [false]" type="java.lang.AssertionError">java.lang.AssertionError: expected [true] but found [false]
	at com.employeeapi.testcases.TC002_GET_Single_Employee_Record.checkResponseBody(TC002_GET_Single_Employee_Record.java:32)
</failure>
    <system-out><![CDATA[2020-06-29 18:49:24 INFO  EmployeesRestAPI:28 - ************** Checking Response Body *****************
2020-06-29 18:49:24 INFO  EmployeesRestAPI:30 - Response Body==>{"status":"failed","message":"Oops! someting issue found to fetch record."}
]]></system-out>
  </testcase>
  <testcase name="checkResponseTime" classname="com.employeeapi.testcases.TC002_GET_Single_Employee_Record" time="0"/>
  <testcase name="checkServerType" classname="com.employeeapi.testcases.TC002_GET_Single_Employee_Record" time="0"/>
  <testcase name="checkStatusCode" classname="com.employeeapi.testcases.TC002_GET_Single_Employee_Record" time="0">
    <failure message="expected [200] but found [400]" type="java.lang.AssertionError">java.lang.AssertionError: expected [200] but found [400]
	at com.employeeapi.testcases.TC002_GET_Single_Employee_Record.checkStatusCode(TC002_GET_Single_Employee_Record.java:41)
</failure>
    <system-out><![CDATA[2020-06-29 18:49:24 INFO  EmployeesRestAPI:38 - ************** Checking Status Code *****************
]]></system-out>
  </testcase>
  <testcase name="checkStatusLine" classname="com.employeeapi.testcases.TC002_GET_Single_Employee_Record" time="0.001">
    <failure message="expected [HTTP/1.1 200 OK] but found [HTTP/1.1 400 Bad Request]" type="java.lang.AssertionError">java.lang.AssertionError: expected [HTTP/1.1 200 OK] but found [HTTP/1.1 400 Bad Request]
	at com.employeeapi.testcases.TC002_GET_Single_Employee_Record.checkStatusLine(TC002_GET_Single_Employee_Record.java:60)
</failure>
    <system-out><![CDATA[2020-06-29 18:49:24 INFO  EmployeesRestAPI:57 - ************** Checking Status Line *****************
]]></system-out>
  </testcase>
  <testcase name="checkContentLength" classname="com.employeeapi.testcases.TC003_POST_Employee_Record" time="0.001"/>
  <testcase name="checkContentType" classname="com.employeeapi.testcases.TC003_POST_Employee_Record" time="0.002">
    <failure message="expected [text/html; charset=UTF-8] but found [application/json;charset=utf-8]" type="java.lang.AssertionError">java.lang.AssertionError: expected [text/html; charset=UTF-8] but found [application/json;charset=utf-8]
	at com.employeeapi.testcases.TC003_POST_Employee_Record.checkContentType(TC003_POST_Employee_Record.java:96)
</failure>
    <system-out><![CDATA[2020-06-29 18:49:29 INFO  EmployeesRestAPI:93 - ************** Checking Content Type *****************
2020-06-29 18:49:29 INFO  EmployeesRestAPI:95 - Content Type is ==>application/json;charset=utf-8
]]></system-out>
  </testcase>
  <testcase name="checkResponseBody" classname="com.employeeapi.testcases.TC003_POST_Employee_Record" time="0.002"/>
  <testcase name="checkResponseTime" classname="com.employeeapi.testcases.TC003_POST_Employee_Record" time="0"/>
  <testcase name="checkServerType" classname="com.employeeapi.testcases.TC003_POST_Employee_Record" time="0"/>
  <testcase name="checkStatusCode" classname="com.employeeapi.testcases.TC003_POST_Employee_Record" time="0"/>
  <testcase name="checkStatusLine" classname="com.employeeapi.testcases.TC003_POST_Employee_Record" time="0"/>
  <testcase name="checkContentLength" classname="com.employeeapi.testcases.TC004_PUT_Employee_Record" time="0.001"/>
  <testcase name="checkContentType" classname="com.employeeapi.testcases.TC004_PUT_Employee_Record" time="0.001">
    <failure message="expected [text/html; charset=UTF-8] but found [application/json;charset=utf-8]" type="java.lang.AssertionError">java.lang.AssertionError: expected [text/html; charset=UTF-8] but found [application/json;charset=utf-8]
	at com.employeeapi.testcases.TC004_PUT_Employee_Record.checkContentType(TC004_PUT_Employee_Record.java:95)
</failure>
    <system-out><![CDATA[2020-06-29 18:49:35 INFO  EmployeesRestAPI:92 - ************** Checking Content Type *****************
2020-06-29 18:49:35 INFO  EmployeesRestAPI:94 - Content Type is ==>application/json;charset=utf-8
]]></system-out>
  </testcase>
  <testcase name="checkResponseBody" classname="com.employeeapi.testcases.TC004_PUT_Employee_Record" time="0.002">
    <failure message="expected [true] but found [false]" type="java.lang.AssertionError">java.lang.AssertionError: expected [true] but found [false]
	at com.employeeapi.testcases.TC004_PUT_Employee_Record.checkResponseBody(TC004_PUT_Employee_Record.java:56)
</failure>
    <system-out><![CDATA[2020-06-29 18:49:35 INFO  EmployeesRestAPI:52 - ************** Checking Response Body *****************
2020-06-29 18:49:35 INFO  EmployeesRestAPI:54 - Response Body==>{"status":"success","data":null}
]]></system-out>
  </testcase>
  <testcase name="checkResponseTime" classname="com.employeeapi.testcases.TC004_PUT_Employee_Record" time="0.001"/>
  <testcase name="checkServerType" classname="com.employeeapi.testcases.TC004_PUT_Employee_Record" time="0.001"/>
  <testcase name="checkStatusCode" classname="com.employeeapi.testcases.TC004_PUT_Employee_Record" time="0.001"/>
  <testcase name="checkStatusLine" classname="com.employeeapi.testcases.TC004_PUT_Employee_Record" time="0"/>
  <testcase name="checkContentLength" classname="com.employeeapi.testcases.TC005_DELETE_Employee_Record" time="0"/>
  <testcase name="checkContentType" classname="com.employeeapi.testcases.TC005_DELETE_Employee_Record" time="0.001">
    <failure message="expected [text/html; charset=UTF-8] but found [application/json;charset=utf-8]" type="java.lang.AssertionError">java.lang.AssertionError: expected [text/html; charset=UTF-8] but found [application/json;charset=utf-8]
	at com.employeeapi.testcases.TC005_DELETE_Employee_Record.checkContentType(TC005_DELETE_Employee_Record.java:84)
</failure>
    <system-out><![CDATA[2020-06-29 18:49:41 INFO  EmployeesRestAPI:81 - ************** Checking Content Type *****************
2020-06-29 18:49:41 INFO  EmployeesRestAPI:83 - Content Type is ==>application/json;charset=utf-8
]]></system-out>
  </testcase>
  <testcase name="checkResponseBody" classname="com.employeeapi.testcases.TC005_DELETE_Employee_Record" time="0.002">
    <failure message="expected [true] but found [false]" type="java.lang.AssertionError">java.lang.AssertionError: expected [true] but found [false]
	at com.employeeapi.testcases.TC005_DELETE_Employee_Record.checkResponseBody(TC005_DELETE_Employee_Record.java:46)
</failure>
    <system-out><![CDATA[2020-06-29 18:49:41 INFO  EmployeesRestAPI:44 - ************** Checking Response Body *****************
]]></system-out>
  </testcase>
  <testcase name="checkResponseTime" classname="com.employeeapi.testcases.TC005_DELETE_Employee_Record" time="0.001"/>
  <testcase name="checkServerType" classname="com.employeeapi.testcases.TC005_DELETE_Employee_Record" time="0.001"/>
  <testcase name="checkStatusCode" classname="com.employeeapi.testcases.TC005_DELETE_Employee_Record" time="0.001"/>
  <testcase name="checkStatusLine" classname="com.employeeapi.testcases.TC005_DELETE_Employee_Record" time="0.001"/>
</testsuite>