<?xml version="1.0" encoding="UTF-8"?>
<!-- Generated by org.testng.reporters.JUnitReportReporter -->
<testsuite skipped="0" hostname="XIPL0505" name="com.employeeapi.testcases.TC004_PUT_Employee_Record" tests="7" failures="0" timestamp="19 Dec 2019 07:18:00 GMT" time="0.038" errors="0">
  <testcase name="checkStatusCode" time="0.002" classname="com.employeeapi.testcases.TC004_PUT_Employee_Record"/>
  <testcase name="checkContentLength" time="0.011" classname="com.employeeapi.testcases.TC004_PUT_Employee_Record"/>
  <testcase name="checkContentType" time="0.003" classname="com.employeeapi.testcases.TC004_PUT_Employee_Record"/>
  <testcase name="checkResponseBody" time="0.016" classname="com.employeeapi.testcases.TC004_PUT_Employee_Record"/>
  <testcase name="checkResponseTime" time="0.002" classname="com.employeeapi.testcases.TC004_PUT_Employee_Record"/>
  <testcase name="checkServerType" time="0.002" classname="com.employeeapi.testcases.TC004_PUT_Employee_Record"/>
  <testcase name="checkStatusLine" time="0.002" classname="com.employeeapi.testcases.TC004_PUT_Employee_Record"/>
</testsuite> <!-- com.employeeapi.testcases.TC004_PUT_Employee_Record -->
