<?xml version="1.0" encoding="UTF-8"?>
<!-- Generated by org.testng.reporters.JUnitReportReporter -->
<testsuite skipped="0" hostname="XIPL0505" name="com.employeeapi.testcases.TC001_GET_All_Employees" tests="9" failures="0" timestamp="30 Jun 2020 14:52:47 GMT" time="0.036" errors="0">
  <testcase name="checkContentLength" time="0.001" classname="com.employeeapi.testcases.TC001_GET_All_Employees"/>
  <testcase name="checkStatusLine" time="0.003" classname="com.employeeapi.testcases.TC001_GET_All_Employees"/>
  <testcase name="checkServerType" time="0.001" classname="com.employeeapi.testcases.TC001_GET_All_Employees"/>
  <testcase name="ContentEncoding" time="0.005" classname="com.employeeapi.testcases.TC001_GET_All_Employees"/>
  <testcase name="checkContentType" time="0.001" classname="com.employeeapi.testcases.TC001_GET_All_Employees"/>
  <testcase name="checkResponseBody" time="0.020" classname="com.employeeapi.testcases.TC001_GET_All_Employees"/>
  <testcase name="checkCookies" time="0.001" classname="com.employeeapi.testcases.TC001_GET_All_Employees"/>
  <testcase name="checkResponseTime" time="0.002" classname="com.employeeapi.testcases.TC001_GET_All_Employees"/>
  <testcase name="checkStatusCode" time="0.002" classname="com.employeeapi.testcases.TC001_GET_All_Employees"/>
</testsuite> <!-- com.employeeapi.testcases.TC001_GET_All_Employees -->
