<?xml version="1.0" encoding="UTF-8"?>
<!-- Generated by org.testng.reporters.JUnitReportReporter -->
<testsuite skipped="0" hostname="XIPL0505" name="com.employeeapi.testcases.TC002_GET_Single_Employee_Record" tests="8" failures="0" timestamp="23 Aug 2019 09:58:04 GMT" time="0.028" errors="0">
  <testcase name="checkServerType" time="0.002" classname="com.employeeapi.testcases.TC002_GET_Single_Employee_Record"/>
  <testcase name="checkContentLength" time="0.005" classname="com.employeeapi.testcases.TC002_GET_Single_Employee_Record"/>
  <testcase name="checkStatusCode" time="0.002" classname="com.employeeapi.testcases.TC002_GET_Single_Employee_Record"/>
  <testcase name="checkContentType" time="0.004" classname="com.employeeapi.testcases.TC002_GET_Single_Employee_Record"/>
  <testcase name="checkResponseTime" time="0.002" classname="com.employeeapi.testcases.TC002_GET_Single_Employee_Record"/>
  <testcase name="checkResponseBody" time="0.006" classname="com.employeeapi.testcases.TC002_GET_Single_Employee_Record"/>
  <testcase name="ContentEncoding" time="0.005" classname="com.employeeapi.testcases.TC002_GET_Single_Employee_Record"/>
  <testcase name="checkStatusLine" time="0.002" classname="com.employeeapi.testcases.TC002_GET_Single_Employee_Record"/>
</testsuite> <!-- com.employeeapi.testcases.TC002_GET_Single_Employee_Record -->
