<?xml version="1.0" encoding="UTF-8"?>
<!-- Generated by org.testng.reporters.JUnitReportReporter -->
<testsuite skipped="0" hostname="XIPL0505" name="com.employeeapi.testcases.TC005_DELETE_Employee_Record" tests="7" failures="0" timestamp="19 Dec 2019 07:04:48 GMT" time="0.006" errors="0">
  <testcase name="checkResponseBody" time="0.001" classname="com.employeeapi.testcases.TC005_DELETE_Employee_Record"/>
  <testcase name="checkStatusCode" time="0.001" classname="com.employeeapi.testcases.TC005_DELETE_Employee_Record"/>
  <testcase name="checkResponseTime" time="0.001" classname="com.employeeapi.testcases.TC005_DELETE_Employee_Record"/>
  <testcase name="checkStatusLine" time="0.000" classname="com.employeeapi.testcases.TC005_DELETE_Employee_Record"/>
  <testcase name="checkContentType" time="0.001" classname="com.employeeapi.testcases.TC005_DELETE_Employee_Record"/>
  <testcase name="checkServerType" time="0.001" classname="com.employeeapi.testcases.TC005_DELETE_Employee_Record"/>
  <testcase name="checkContentLength" time="0.001" classname="com.employeeapi.testcases.TC005_DELETE_Employee_Record"/>
</testsuite> <!-- com.employeeapi.testcases.TC005_DELETE_Employee_Record -->
